2022-08-24 23:32:03 0 [Note] InnoDB: Mutexes and rw_locks use Windows interlocked functions
2022-08-24 23:32:03 0 [Note] InnoDB: Uses event mutexes
2022-08-24 23:32:03 0 [Note] InnoDB: Compressed tables use zlib 1.2.11
2022-08-24 23:32:03 0 [Note] InnoDB: Number of pools: 1
2022-08-24 23:32:03 0 [Note] InnoDB: Using SSE2 crc32 instructions
2022-08-24 23:32:03 0 [Note] InnoDB: Initializing buffer pool, total size = 16M, instances = 1, chunk size = 16M
2022-08-24 23:32:03 0 [Note] InnoDB: Completed initialization of buffer pool
2022-08-24 23:32:03 0 [Note] InnoDB: Starting crash recovery from checkpoint LSN=300288
2022-08-24 23:32:03 0 [Note] InnoDB: 128 out of 128 rollback segments are active.
2022-08-24 23:32:03 0 [Note] InnoDB: Removed temporary tablespace data file: "ibtmp1"
2022-08-24 23:32:03 0 [Note] InnoDB: Creating shared tablespace for temporary tables
2022-08-24 23:32:03 0 [Note] InnoDB: Setting file 'C:\xampp\mysql\data\ibtmp1' size to 12 MB. Physically writing the file full; Please wait ...
2022-08-24 23:32:03 0 [Note] InnoDB: File 'C:\xampp\mysql\data\ibtmp1' size is now 12 MB.
2022-08-24 23:32:03 0 [Note] InnoDB: Waiting for purge to start
2022-08-24 23:32:03 0 [Note] InnoDB: 10.4.24 started; log sequence number 300297; transaction id 170
2022-08-24 23:32:03 0 [Note] InnoDB: Loading buffer pool(s) from C:\xampp\mysql\data\ib_buffer_pool
2022-08-24 23:32:03 0 [Note] Plugin 'FEEDBACK' is disabled.
2022-08-24 23:32:03 0 [Note] Server socket created on IP: '::'.
2022-08-24 23:32:03 0 [Note] InnoDB: Buffer pool(s) load completed at 220824 23:32:03
2022-08-24 23:32:03 0 [Note] Reading of all Master_info entries succeeded
2022-08-24 23:32:03 0 [Note] Added new Master_info '' to hash table
2022-08-24 23:32:03 0 [Note] C:\xampp\mysql\bin\mysqld.exe: ready for connections.
Version: '10.4.24-MariaDB'  socket: ''  port: 3306  mariadb.org binary distribution
2022-08-24 23:50:12 0 [Note] C:\xampp\mysql\bin\mysqld.exe (initiated by: unknown): Normal shutdown
2022-08-24 23:50:12 0 [Note] Event Scheduler: Purging the queue. 0 events
2022-08-24 23:50:12 0 [Note] InnoDB: FTS optimize thread exiting.
2022-08-24 23:50:12 0 [Note] InnoDB: Starting shutdown...
2022-08-24 23:50:12 0 [Note] InnoDB: Dumping buffer pool(s) to C:\xampp\mysql\data\ib_buffer_pool
2022-08-24 23:50:12 0 [Note] InnoDB: Instance 0, restricted to 250 pages due to innodb_buf_pool_dump_pct=25
2022-08-24 23:50:12 0 [Note] InnoDB: Buffer pool(s) dump completed at 220824 23:50:12
2022-08-24 23:50:13 0 [Note] InnoDB: Removed temporary tablespace data file: "ibtmp1"
2022-08-24 23:50:13 0 [Note] InnoDB: Shutdown completed; log sequence number 301370; transaction id 196
2022-08-24 23:50:13 0 [Note] C:\xampp\mysql\bin\mysqld.exe: Shutdown complete

2022-08-25  0:03:02 0 [Note] InnoDB: Mutexes and rw_locks use Windows interlocked functions
2022-08-25  0:03:02 0 [Note] InnoDB: Uses event mutexes
2022-08-25  0:03:02 0 [Note] InnoDB: Compressed tables use zlib 1.2.11
2022-08-25  0:03:02 0 [Note] InnoDB: Number of pools: 1
2022-08-25  0:03:02 0 [Note] InnoDB: Using SSE2 crc32 instructions
2022-08-25  0:03:02 0 [Note] InnoDB: Initializing buffer pool, total size = 16M, instances = 1, chunk size = 16M
2022-08-25  0:03:02 0 [Note] InnoDB: Completed initialization of buffer pool
2022-08-25  0:03:02 0 [Note] InnoDB: 128 out of 128 rollback segments are active.
2022-08-25  0:03:02 0 [Note] InnoDB: Creating shared tablespace for temporary tables
2022-08-25  0:03:02 0 [Note] InnoDB: Setting file 'C:\xampp\mysql\data\ibtmp1' size to 12 MB. Physically writing the file full; Please wait ...
2022-08-25  0:03:02 0 [Note] InnoDB: File 'C:\xampp\mysql\data\ibtmp1' size is now 12 MB.
2022-08-25  0:03:02 0 [Note] InnoDB: Waiting for purge to start
2022-08-25  0:03:02 0 [Note] InnoDB: 10.4.24 started; log sequence number 301370; transaction id 197
2022-08-25  0:03:02 0 [Note] InnoDB: Loading buffer pool(s) from C:\xampp\mysql\data\ib_buffer_pool
2022-08-25  0:03:02 0 [Note] Plugin 'FEEDBACK' is disabled.
2022-08-25  0:03:02 0 [Note] Server socket created on IP: '::'.
2022-08-25  0:03:02 0 [Note] Reading of all Master_info entries succeeded
2022-08-25  0:03:02 0 [Note] Added new Master_info '' to hash table
2022-08-25  0:03:02 0 [Note] C:\xampp\mysql\bin\mysqld.exe: ready for connections.
Version: '10.4.24-MariaDB'  socket: ''  port: 3306  mariadb.org binary distribution
2022-08-25  0:03:02 0 [Note] InnoDB: Buffer pool(s) load completed at 220825  0:03:02
2022-08-25  2:12:40 0 [Note] C:\xampp\mysql\bin\mysqld.exe (initiated by: unknown): Normal shutdown
2022-08-25  2:12:40 0 [Note] InnoDB: FTS optimize thread exiting.
2022-08-25  2:12:40 0 [Note] Event Scheduler: Purging the queue. 0 events
2022-08-25  2:12:40 0 [Note] InnoDB: Starting shutdown...
2022-08-25  2:12:40 0 [Note] InnoDB: Dumping buffer pool(s) to C:\xampp\mysql\data\ib_buffer_pool
2022-08-25  2:12:40 0 [Note] InnoDB: Instance 0, restricted to 250 pages due to innodb_buf_pool_dump_pct=25
2022-08-25  2:12:40 0 [Note] InnoDB: Buffer pool(s) dump completed at 220825  2:12:40
2022-08-25  2:12:41 0 [Note] InnoDB: Removed temporary tablespace data file: "ibtmp1"
2022-08-25  2:12:41 0 [Note] InnoDB: Shutdown completed; log sequence number 301379; transaction id 198
2022-08-25  2:12:41 0 [Note] C:\xampp\mysql\bin\mysqld.exe: Shutdown complete

2022-08-25  2:18:39 0 [Note] InnoDB: Mutexes and rw_locks use Windows interlocked functions
2022-08-25  2:18:39 0 [Note] InnoDB: Uses event mutexes
2022-08-25  2:18:39 0 [Note] InnoDB: Compressed tables use zlib 1.2.11
2022-08-25  2:18:39 0 [Note] InnoDB: Number of pools: 1
2022-08-25  2:18:39 0 [Note] InnoDB: Using SSE2 crc32 instructions
2022-08-25  2:18:39 0 [Note] InnoDB: Initializing buffer pool, total size = 16M, instances = 1, chunk size = 16M
2022-08-25  2:18:39 0 [Note] InnoDB: Completed initialization of buffer pool
2022-08-25  2:18:39 0 [Note] InnoDB: 128 out of 128 rollback segments are active.
2022-08-25  2:18:39 0 [Note] InnoDB: Creating shared tablespace for temporary tables
2022-08-25  2:18:39 0 [Note] InnoDB: Setting file 'C:\xampp\mysql\data\ibtmp1' size to 12 MB. Physically writing the file full; Please wait ...
2022-08-25  2:18:39 0 [Note] InnoDB: File 'C:\xampp\mysql\data\ibtmp1' size is now 12 MB.
2022-08-25  2:18:39 0 [Note] InnoDB: 10.4.24 started; log sequence number 301379; transaction id 197
2022-08-25  2:18:39 0 [Note] InnoDB: Loading buffer pool(s) from C:\xampp\mysql\data\ib_buffer_pool
2022-08-25  2:18:39 0 [Note] Plugin 'FEEDBACK' is disabled.
2022-08-25  2:18:39 0 [Note] Server socket created on IP: '::'.
2022-08-25  2:18:39 0 [Note] Reading of all Master_info entries succeeded
2022-08-25  2:18:39 0 [Note] Added new Master_info '' to hash table
2022-08-25  2:18:39 0 [Note] C:\xampp\mysql\bin\mysqld.exe: ready for connections.
Version: '10.4.24-MariaDB'  socket: ''  port: 3306  mariadb.org binary distribution
2022-08-25  2:18:39 0 [Note] InnoDB: Buffer pool(s) load completed at 220825  2:18:39
2022-08-25  3:05:02 0 [Note] C:\xampp\mysql\bin\mysqld.exe (initiated by: unknown): Normal shutdown
2022-08-25  3:05:02 0 [Note] Event Scheduler: Purging the queue. 0 events
2022-08-25  3:05:02 0 [Note] InnoDB: FTS optimize thread exiting.
2022-08-25  3:05:02 0 [Note] InnoDB: Starting shutdown...
2022-08-25  3:05:02 0 [Note] InnoDB: Dumping buffer pool(s) to C:\xampp\mysql\data\ib_buffer_pool
2022-08-25  3:05:02 0 [Note] InnoDB: Instance 0, restricted to 250 pages due to innodb_buf_pool_dump_pct=25
2022-08-25  3:05:02 0 [Note] InnoDB: Buffer pool(s) dump completed at 220825  3:05:02
2022-08-25  3:05:03 0 [Note] InnoDB: Removed temporary tablespace data file: "ibtmp1"
2022-08-25  3:05:03 0 [Note] InnoDB: Shutdown completed; log sequence number 301388; transaction id 198
2022-08-25  3:05:03 0 [Note] C:\xampp\mysql\bin\mysqld.exe: Shutdown complete

